{"C:\\Users\\lapto\\Antigravity-Projects\\demo-spec\\backend\\server.js": {"path":"C:\\Users\\lapto\\Antigravity-Projects\\demo-spec\\backend\\server.js","statementMap":{"0":{"start":{"line":1,"column":0},"end":{"line":1,"column":27}},"1":{"start":{"line":2,"column":16},"end":{"line":2,"column":34}},"2":{"start":{"line":3,"column":13},"end":{"line":3,"column":28}},"3":{"start":{"line":4,"column":14},"end":{"line":4,"column":35}},"4":{"start":{"line":5,"column":23},"end":{"line":5,"column":61}},"5":{"start":{"line":7,"column":12},"end":{"line":7,"column":21}},"6":{"start":{"line":8,"column":0},"end":{"line":8,"column":16}},"7":{"start":{"line":9,"column":0},"end":{"line":9,"column":24}},"8":{"start":{"line":11,"column":13},"end":{"line":11,"column":37}},"9":{"start":{"line":12,"column":24},"end":{"line":12,"column":51}},"10":{"start":{"line":13,"column":23},"end":{"line":13,"column":76}},"11":{"start":{"line":19,"column":0},"end":{"line":85,"column":3}},"12":{"start":{"line":20,"column":23},"end":{"line":20,"column":32}},"13":{"start":{"line":22,"column":2},"end":{"line":24,"column":3}},"14":{"start":{"line":23,"column":4},"end":{"line":23,"column":82}},"15":{"start":{"line":26,"column":2},"end":{"line":84,"column":3}},"16":{"start":{"line":28,"column":23},"end":{"line":28,"column":131}},"17":{"start":{"line":29,"column":23},"end":{"line":29,"column":46}},"18":{"start":{"line":31,"column":4},"end":{"line":35,"column":5}},"19":{"start":{"line":32,"column":19},"end":{"line":32,"column":42}},"20":{"start":{"line":33,"column":6},"end":{"line":33,"column":67}},"21":{"start":{"line":34,"column":6},"end":{"line":34,"column":78}},"22":{"start":{"line":37,"column":24},"end":{"line":37,"column":47}},"23":{"start":{"line":40,"column":16},"end":{"line":40,"column":18}},"24":{"start":{"line":41,"column":4},"end":{"line":57,"column":5}},"25":{"start":{"line":42,"column":20},"end":{"line":46,"column":8}},"26":{"start":{"line":48,"column":6},"end":{"line":53,"column":7}},"27":{"start":{"line":49,"column":23},"end":{"line":49,"column":41}},"28":{"start":{"line":50,"column":8},"end":{"line":50,"column":39}},"29":{"start":{"line":52,"column":8},"end":{"line":52,"column":57}},"30":{"start":{"line":55,"column":6},"end":{"line":55,"column":62}},"31":{"start":{"line":60,"column":16},"end":{"line":60,"column":42}},"32":{"start":{"line":61,"column":16},"end":{"line":61,"column":41}},"33":{"start":{"line":62,"column":15},"end":{"line":62,"column":36}},"34":{"start":{"line":64,"column":20},"end":{"line":78,"column":5}},"35":{"start":{"line":80,"column":4},"end":{"line":80,"column":29}},"36":{"start":{"line":82,"column":4},"end":{"line":82,"column":44}},"37":{"start":{"line":83,"column":4},"end":{"line":83,"column":69}},"38":{"start":{"line":88,"column":0},"end":{"line":88,"column":62}},"39":{"start":{"line":88,"column":34},"end":{"line":88,"column":60}},"40":{"start":{"line":90,"column":0},"end":{"line":97,"column":1}},"41":{"start":{"line":91,"column":2},"end":{"line":96,"column":5}},"42":{"start":{"line":92,"column":4},"end":{"line":92,"column":68}},"43":{"start":{"line":93,"column":4},"end":{"line":95,"column":5}},"44":{"start":{"line":94,"column":6},"end":{"line":94,"column":77}},"45":{"start":{"line":99,"column":0},"end":{"line":99,"column":21}}},"fnMap":{"0":{"name":"(anonymous_0)","decl":{"start":{"line":19,"column":46},"end":{"line":19,"column":47}},"loc":{"start":{"line":19,"column":66},"end":{"line":85,"column":1}},"line":19},"1":{"name":"(anonymous_1)","decl":{"start":{"line":88,"column":19},"end":{"line":88,"column":20}},"loc":{"start":{"line":88,"column":34},"end":{"line":88,"column":60}},"line":88},"2":{"name":"(anonymous_2)","decl":{"start":{"line":91,"column":19},"end":{"line":91,"column":20}},"loc":{"start":{"line":91,"column":25},"end":{"line":96,"column":3}},"line":91}},"branchMap":{"0":{"loc":{"start":{"line":11,"column":13},"end":{"line":11,"column":37}},"type":"binary-expr","locations":[{"start":{"line":11,"column":13},"end":{"line":11,"column":29}},{"start":{"line":11,"column":33},"end":{"line":11,"column":37}}],"line":11},"1":{"loc":{"start":{"line":13,"column":23},"end":{"line":13,"column":76}},"type":"binary-expr","locations":[{"start":{"line":13,"column":23},"end":{"line":13,"column":49}},{"start":{"line":13,"column":53},"end":{"line":13,"column":76}}],"line":13},"2":{"loc":{"start":{"line":22,"column":2},"end":{"line":24,"column":3}},"type":"if","locations":[{"start":{"line":22,"column":2},"end":{"line":24,"column":3}},{"start":{},"end":{}}],"line":22},"3":{"loc":{"start":{"line":22,"column":6},"end":{"line":22,"column":35}},"type":"binary-expr","locations":[{"start":{"line":22,"column":6},"end":{"line":22,"column":15}},{"start":{"line":22,"column":19},"end":{"line":22,"column":35}}],"line":22},"4":{"loc":{"start":{"line":31,"column":4},"end":{"line":35,"column":5}},"type":"if","locations":[{"start":{"line":31,"column":4},"end":{"line":35,"column":5}},{"start":{},"end":{}}],"line":31},"5":{"loc":{"start":{"line":48,"column":6},"end":{"line":53,"column":7}},"type":"if","locations":[{"start":{"line":48,"column":6},"end":{"line":53,"column":7}},{"start":{"line":51,"column":13},"end":{"line":53,"column":7}}],"line":48},"6":{"loc":{"start":{"line":50,"column":16},"end":{"line":50,"column":38}},"type":"binary-expr","locations":[{"start":{"line":50,"column":16},"end":{"line":50,"column":28}},{"start":{"line":50,"column":32},"end":{"line":50,"column":38}}],"line":50},"7":{"loc":{"start":{"line":60,"column":16},"end":{"line":60,"column":42}},"type":"binary-expr","locations":[{"start":{"line":60,"column":16},"end":{"line":60,"column":36}},{"start":{"line":60,"column":40},"end":{"line":60,"column":42}}],"line":60},"8":{"loc":{"start":{"line":61,"column":16},"end":{"line":61,"column":41}},"type":"binary-expr","locations":[{"start":{"line":61,"column":16},"end":{"line":61,"column":35}},{"start":{"line":61,"column":39},"end":{"line":61,"column":41}}],"line":61},"9":{"loc":{"start":{"line":62,"column":15},"end":{"line":62,"column":36}},"type":"binary-expr","locations":[{"start":{"line":62,"column":15},"end":{"line":62,"column":30}},{"start":{"line":62,"column":34},"end":{"line":62,"column":36}}],"line":62},"10":{"loc":{"start":{"line":65,"column":16},"end":{"line":65,"column":36}},"type":"binary-expr","locations":[{"start":{"line":65,"column":16},"end":{"line":65,"column":24}},{"start":{"line":65,"column":28},"end":{"line":65,"column":36}}],"line":65},"11":{"loc":{"start":{"line":66,"column":15},"end":{"line":66,"column":32}},"type":"binary-expr","locations":[{"start":{"line":66,"column":15},"end":{"line":66,"column":26}},{"start":{"line":66,"column":30},"end":{"line":66,"column":32}}],"line":66},"12":{"loc":{"start":{"line":68,"column":23},"end":{"line":68,"column":41}},"type":"binary-expr","locations":[{"start":{"line":68,"column":23},"end":{"line":68,"column":33}},{"start":{"line":68,"column":37},"end":{"line":68,"column":41}}],"line":68},"13":{"loc":{"start":{"line":69,"column":19},"end":{"line":69,"column":62}},"type":"binary-expr","locations":[{"start":{"line":69,"column":20},"end":{"line":69,"column":33}},{"start":{"line":69,"column":37},"end":{"line":69,"column":55}},{"start":{"line":69,"column":60},"end":{"line":69,"column":62}}],"line":69},"14":{"loc":{"start":{"line":70,"column":18},"end":{"line":70,"column":38}},"type":"binary-expr","locations":[{"start":{"line":70,"column":18},"end":{"line":70,"column":30}},{"start":{"line":70,"column":34},"end":{"line":70,"column":38}}],"line":70},"15":{"loc":{"start":{"line":71,"column":18},"end":{"line":71,"column":38}},"type":"binary-expr","locations":[{"start":{"line":71,"column":18},"end":{"line":71,"column":30}},{"start":{"line":71,"column":34},"end":{"line":71,"column":38}}],"line":71},"16":{"loc":{"start":{"line":74,"column":15},"end":{"line":74,"column":31}},"type":"binary-expr","locations":[{"start":{"line":74,"column":15},"end":{"line":74,"column":23}},{"start":{"line":74,"column":27},"end":{"line":74,"column":31}}],"line":74},"17":{"loc":{"start":{"line":75,"column":14},"end":{"line":75,"column":29}},"type":"binary-expr","locations":[{"start":{"line":75,"column":14},"end":{"line":75,"column":21}},{"start":{"line":75,"column":25},"end":{"line":75,"column":29}}],"line":75},"18":{"loc":{"start":{"line":90,"column":0},"end":{"line":97,"column":1}},"type":"if","locations":[{"start":{"line":90,"column":0},"end":{"line":97,"column":1}},{"start":{},"end":{}}],"line":90},"19":{"loc":{"start":{"line":93,"column":4},"end":{"line":95,"column":5}},"type":"if","locations":[{"start":{"line":93,"column":4},"end":{"line":95,"column":5}},{"start":{},"end":{}}],"line":93}},"s":{"0":1,"1":1,"2":1,"3":1,"4":1,"5":1,"6":1,"7":1,"8":1,"9":1,"10":1,"11":1,"12":5,"13":5,"14":1,"15":4,"16":4,"17":4,"18":3,"19":1,"20":1,"21":1,"22":2,"23":2,"24":2,"25":2,"26":1,"27":1,"28":1,"29":0,"30":1,"31":2,"32":2,"33":2,"34":2,"35":2,"36":1,"37":1,"38":1,"39":1,"40":1,"41":0,"42":0,"43":0,"44":0,"45":1},"f":{"0":5,"1":1,"2":0},"b":{"0":[1,1],"1":[1,0],"2":[1,4],"3":[5,4],"4":[1,2],"5":[1,0],"6":[1,0],"7":[2,0],"8":[2,0],"9":[2,1],"10":[2,0],"11":[2,1],"12":[2,1],"13":[2,1,1],"14":[2,1],"15":[2,1],"16":[2,1],"17":[2,1],"18":[0,1],"19":[0,0]},"_coverageSchema":"1a1c01bbd47fc00a2c39e90264f33305004495a9","hash":"2be23080b55e262c341e92547e76c3683fcd5465"}
,"C:\\Users\\lapto\\Antigravity-Projects\\demo-spec\\backend\\middleware\\authMiddleware.js": {"path":"C:\\Users\\lapto\\Antigravity-Projects\\demo-spec\\backend\\middleware\\authMiddleware.js","statementMap":{"0":{"start":{"line":1,"column":14},"end":{"line":1,"column":41}},"1":{"start":{"line":4,"column":21},"end":{"line":4,"column":52}},"2":{"start":{"line":5,"column":16},"end":{"line":5,"column":77}},"3":{"start":{"line":7,"column":2},"end":{"line":9,"column":3}},"4":{"start":{"line":8,"column":4},"end":{"line":8,"column":79}},"5":{"start":{"line":11,"column":2},"end":{"line":19,"column":3}},"6":{"start":{"line":12,"column":20},"end":{"line":12,"column":59}},"7":{"start":{"line":13,"column":4},"end":{"line":13,"column":26}},"8":{"start":{"line":14,"column":4},"end":{"line":14,"column":34}},"9":{"start":{"line":15,"column":4},"end":{"line":15,"column":11}},"10":{"start":{"line":17,"column":4},"end":{"line":17,"column":61}},"11":{"start":{"line":18,"column":4},"end":{"line":18,"column":83}},"12":{"start":{"line":22,"column":0},"end":{"line":22,"column":32}}},"fnMap":{"0":{"name":"authMiddleware","decl":{"start":{"line":3,"column":15},"end":{"line":3,"column":29}},"loc":{"start":{"line":3,"column":46},"end":{"line":20,"column":1}},"line":3}},"branchMap":{"0":{"loc":{"start":{"line":4,"column":21},"end":{"line":4,"column":52}},"type":"binary-expr","locations":[{"start":{"line":4,"column":21},"end":{"line":4,"column":46}},{"start":{"line":4,"column":50},"end":{"line":4,"column":52}}],"line":4},"1":{"loc":{"start":{"line":5,"column":16},"end":{"line":5,"column":77}},"type":"cond-expr","locations":[{"start":{"line":5,"column":51},"end":{"line":5,"column":70}},{"start":{"line":5,"column":73},"end":{"line":5,"column":77}}],"line":5},"2":{"loc":{"start":{"line":7,"column":2},"end":{"line":9,"column":3}},"type":"if","locations":[{"start":{"line":7,"column":2},"end":{"line":9,"column":3}},{"start":{},"end":{}}],"line":7}},"s":{"0":1,"1":4,"2":4,"3":4,"4":2,"5":2,"6":2,"7":1,"8":1,"9":1,"10":1,"11":1,"12":1},"f":{"0":4},"b":{"0":[4,1],"1":[2,2],"2":[2,2]},"_coverageSchema":"1a1c01bbd47fc00a2c39e90264f33305004495a9","hash":"aeced00d07fd679f4a7ccac4a43ab473ab10da68"}
}
