TN:
SF:server.js
FN:19,(anonymous_0)
FN:88,(anonymous_1)
FN:91,(anonymous_2)
FNF:3
FNH:2
FNDA:5,(anonymous_0)
FNDA:1,(anonymous_1)
FNDA:0,(anonymous_2)
DA:1,1
DA:2,1
DA:3,1
DA:4,1
DA:5,1
DA:7,1
DA:8,1
DA:9,1
DA:11,1
DA:12,1
DA:13,1
DA:19,1
DA:20,5
DA:22,5
DA:23,1
DA:26,4
DA:28,4
DA:29,4
DA:31,3
DA:32,1
DA:33,1
DA:34,1
DA:37,2
DA:40,2
DA:41,2
DA:42,2
DA:48,1
DA:49,1
DA:50,1
DA:52,0
DA:55,1
DA:60,2
DA:61,2
DA:62,2
DA:64,2
DA:80,2
DA:82,1
DA:83,1
DA:88,1
DA:90,1
DA:91,0
DA:92,0
DA:93,0
DA:94,0
DA:99,1
LF:45
LH:40
BRDA:11,0,0,1
BRDA:11,0,1,1
BRDA:13,1,0,1
BRDA:13,1,1,0
BRDA:22,2,0,1
BRDA:22,2,1,4
BRDA:22,3,0,5
BRDA:22,3,1,4
BRDA:31,4,0,1
BRDA:31,4,1,2
BRDA:48,5,0,1
BRDA:48,5,1,0
BRDA:50,6,0,1
BRDA:50,6,1,0
BRDA:60,7,0,2
BRDA:60,7,1,0
BRDA:61,8,0,2
BRDA:61,8,1,0
BRDA:62,9,0,2
BRDA:62,9,1,1
BRDA:65,10,0,2
BRDA:65,10,1,0
BRDA:66,11,0,2
BRDA:66,11,1,1
BRDA:68,12,0,2
BRDA:68,12,1,1
BRDA:69,13,0,2
BRDA:69,13,1,1
BRDA:69,13,2,1
BRDA:70,14,0,2
BRDA:70,14,1,1
BRDA:71,15,0,2
BRDA:71,15,1,1
BRDA:74,16,0,2
BRDA:74,16,1,1
BRDA:75,17,0,2
BRDA:75,17,1,1
BRDA:90,18,0,0
BRDA:90,18,1,1
BRDA:93,19,0,0
BRDA:93,19,1,0
BRF:41
BRH:32
end_of_record
TN:
SF:middleware\authMiddleware.js
FN:3,authMiddleware
FNF:1
FNH:1
FNDA:4,authMiddleware
DA:1,1
DA:4,4
DA:5,4
DA:7,4
DA:8,2
DA:11,2
DA:12,2
DA:13,1
DA:14,1
DA:15,1
DA:17,1
DA:18,1
DA:22,1
LF:13
LH:13
BRDA:4,0,0,4
BRDA:4,0,1,1
BRDA:5,1,0,2
BRDA:5,1,1,2
BRDA:7,2,0,2
BRDA:7,2,1,2
BRF:6
BRH:6
end_of_record
